RE_CHAT/app/build/intermediates/manifest_merge_blame_file/debug/manifest-merger-blame-debug-report.txt
1<?xml version="1.0" encoding="utf-8"?>
2<manifest xmlns:android="http://schemas.android.com/apk/res/android"
3    package="com.chat_soon_e.re_chat"
4    android:versionCode="1"
5    android:versionName="1.0" >
6
7    <uses-sdk
8        android:minSdkVersion="26"
8-->src\main\AndroidManifest.xml
9        android:targetSdkVersion="31" />
9-->src\main\AndroidManifest.xml
10
11    <uses-permission android:name="android.permission.INTERNET" />
11-->src\main\AndroidManifest.xml:5:5-67
11-->src\main\AndroidManifest.xml:5:22-64
12    <uses-permission android:name="android.permission.FOREGROUND_SERVICE" />
12-->src\main\AndroidManifest.xml:6:5-77
12-->src\main\AndroidManifest.xml:6:22-74
13    <uses-permission android:name="android.permission.ACCESS_NETWORK_STATE" />
13-->src\main\AndroidManifest.xml:7:5-79
13-->src\main\AndroidManifest.xml:7:22-76
14    <uses-permission android:name="android.permission.ACCESS_WIFI_STATE" />
14-->src\main\AndroidManifest.xml:8:5-76
14-->src\main\AndroidManifest.xml:8:22-73
15
16    <queries>
16-->[com.kakao.sdk:v2-common:2.4.2] AndroidManifest.xml:11:5-19:15
17        <package android:name="com.kakao.talk" />
17-->[com.kakao.sdk:v2-common:2.4.2] AndroidManifest.xml:12:9-50
17-->[com.kakao.sdk:v2-common:2.4.2] AndroidManifest.xml:12:18-47
18        <package android:name="com.kakao.talk.alpha" />
18-->[com.kakao.sdk:v2-common:2.4.2] AndroidManifest.xml:13:9-56
18-->[com.kakao.sdk:v2-common:2.4.2] AndroidManifest.xml:13:18-53
19        <package android:name="com.kakao.talk.sandbox" />
19-->[com.kakao.sdk:v2-common:2.4.2] AndroidManifest.xml:14:9-58
19-->[com.kakao.sdk:v2-common:2.4.2] AndroidManifest.xml:14:18-55
20        <package android:name="com.kakao.onetalk" />
20-->[com.kakao.sdk:v2-common:2.4.2] AndroidManifest.xml:15:9-53
20-->[com.kakao.sdk:v2-common:2.4.2] AndroidManifest.xml:15:18-50
21        <package android:name="com.android.chrome" />
21-->[com.kakao.sdk:v2-common:2.4.2] AndroidManifest.xml:16:9-54
21-->[com.kakao.sdk:v2-common:2.4.2] AndroidManifest.xml:16:18-51
22        <package android:name="com.chrome.beta" />
22-->[com.kakao.sdk:v2-common:2.4.2] AndroidManifest.xml:17:9-51
22-->[com.kakao.sdk:v2-common:2.4.2] AndroidManifest.xml:17:18-48
23        <package android:name="com.chrome.dev" />
23-->[com.kakao.sdk:v2-common:2.4.2] AndroidManifest.xml:18:9-50
23-->[com.kakao.sdk:v2-common:2.4.2] AndroidManifest.xml:18:18-47
24    </queries>
25
26    <application
26-->src\main\AndroidManifest.xml:9:5-60:19
27        android:name="com.chat_soon_e.re_chat.ApplicationClass"
27-->src\main\AndroidManifest.xml:10:9-64
28        android:allowBackup="false"
28-->src\main\AndroidManifest.xml:11:9-36
29        android:appComponentFactory="androidx.core.app.CoreComponentFactory"
29-->[androidx.core:core:1.7.0] AndroidManifest.xml:24:18-86
30        android:debuggable="true"
31        android:extractNativeLibs="false"
32        android:icon="@mipmap/ic_launcher"
32-->src\main\AndroidManifest.xml:12:9-43
33        android:label="@string/app_name"
33-->src\main\AndroidManifest.xml:13:9-41
34        android:roundIcon="@mipmap/ic_launcher_round"
34-->src\main\AndroidManifest.xml:14:9-54
35        android:supportsRtl="true"
35-->src\main\AndroidManifest.xml:15:9-35
36        android:testOnly="true"
37        android:theme="@style/Theme.Template_Basic"
37-->src\main\AndroidManifest.xml:17:9-52
38        android:usesCleartextTraffic="true" >
38-->src\main\AndroidManifest.xml:16:9-44
39        <activity
39-->src\main\AndroidManifest.xml:19:9-27:20
40            android:name="com.chat_soon_e.re_chat.ui.SplashActivity"
40-->src\main\AndroidManifest.xml:20:13-69
41            android:exported="true" >
41-->src\main\AndroidManifest.xml:21:13-36
42            <intent-filter>
42-->src\main\AndroidManifest.xml:22:13-26:29
43                <action android:name="android.intent.action.MAIN" />
43-->src\main\AndroidManifest.xml:23:17-69
43-->src\main\AndroidManifest.xml:23:25-66
44
45                <category android:name="android.intent.category.LAUNCHER" />
45-->src\main\AndroidManifest.xml:25:17-77
45-->src\main\AndroidManifest.xml:25:27-74
46            </intent-filter>
47        </activity>
48        <activity
48-->src\main\AndroidManifest.xml:28:9-118
49            android:name="com.chat_soon_e.re_chat.ui.ExplainActivity.ExplainActivity"
49-->src\main\AndroidManifest.xml:28:19-92
50            android:exported="true" />
50-->src\main\AndroidManifest.xml:28:93-116
51        <activity android:name="com.chat_soon_e.re_chat.ui.PermissionActivity" />
51-->src\main\AndroidManifest.xml:29:9-82
51-->src\main\AndroidManifest.xml:29:19-79
52        <activity
52-->src\main\AndroidManifest.xml:30:9-100
53            android:name="com.chat_soon_e.re_chat.ui.MainActivity"
53-->src\main\AndroidManifest.xml:30:19-73
54            android:exported="true" />
54-->src\main\AndroidManifest.xml:30:74-97
55        <activity
55-->src\main\AndroidManifest.xml:31:9-100
56            android:name="com.chat_soon_e.re_chat.ui.ChatActivity"
56-->src\main\AndroidManifest.xml:31:19-73
57            android:exported="true" />
57-->src\main\AndroidManifest.xml:31:74-97
58        <activity
58-->src\main\AndroidManifest.xml:32:9-104
59            android:name="com.chat_soon_e.re_chat.ui.MyFolderActivity"
59-->src\main\AndroidManifest.xml:32:19-77
60            android:exported="true" />
60-->src\main\AndroidManifest.xml:32:78-101
61        <activity
61-->src\main\AndroidManifest.xml:33:9-109
62            android:name="com.chat_soon_e.re_chat.ui.CreatePatternActivity"
62-->src\main\AndroidManifest.xml:33:19-82
63            android:exported="true" />
63-->src\main\AndroidManifest.xml:33:83-106
64        <activity
64-->src\main\AndroidManifest.xml:34:9-108
65            android:name="com.chat_soon_e.re_chat.ui.HiddenFolderActivity"
65-->src\main\AndroidManifest.xml:34:19-81
66            android:exported="true" />
66-->src\main\AndroidManifest.xml:34:82-105
67        <activity
67-->src\main\AndroidManifest.xml:35:9-108
68            android:name="com.chat_soon_e.re_chat.ui.InputPatternActivity"
68-->src\main\AndroidManifest.xml:35:19-81
69            android:exported="true" />
69-->src\main\AndroidManifest.xml:35:82-105
70        <activity
70-->src\main\AndroidManifest.xml:36:9-109
71            android:name="com.chat_soon_e.re_chat.ui.FolderContentActivity"
71-->src\main\AndroidManifest.xml:36:19-82
72            android:exported="true" />
72-->src\main\AndroidManifest.xml:36:83-106
73        <activity
73-->src\main\AndroidManifest.xml:38:9-50:20
74            android:name="com.kakao.sdk.auth.AuthCodeHandlerActivity"
74-->src\main\AndroidManifest.xml:39:13-70
75            android:exported="true"
75-->src\main\AndroidManifest.xml:40:13-36
76            android:launchMode="singleTask"
76-->[com.kakao.sdk:v2-auth:2.4.2] AndroidManifest.xml:19:13-44
77            android:theme="@style/TransparentCompat" >
77-->[com.kakao.sdk:v2-auth:2.4.2] AndroidManifest.xml:20:13-53
78            <intent-filter>
78-->src\main\AndroidManifest.xml:41:13-49:29
79                <action android:name="android.intent.action.VIEW" />
79-->src\main\AndroidManifest.xml:42:17-69
79-->src\main\AndroidManifest.xml:42:25-66
80
81                <category android:name="android.intent.category.DEFAULT" />
81-->src\main\AndroidManifest.xml:43:17-76
81-->src\main\AndroidManifest.xml:43:27-73
82                <category android:name="android.intent.category.BROWSABLE" />
82-->src\main\AndroidManifest.xml:44:17-78
82-->src\main\AndroidManifest.xml:44:27-75
83
84                <!-- Redirect URI: "kakao{NATIVE_APP_KEY}://oauth" -->
85                <data
85-->src\main\AndroidManifest.xml:47:17-48:78
86                    android:host="oauth"
86-->src\main\AndroidManifest.xml:47:23-43
87                    android:scheme="kakao344ce6395e3e90c63689e4fef30067f0" />
87-->src\main\AndroidManifest.xml:48:21-75
88            </intent-filter>
89        </activity>
90
91        <!-- NotificationListener 권한 얻기 -->
92        <service
92-->src\main\AndroidManifest.xml:53:9-59:19
93            android:name="com.chat_soon_e.re_chat.ui.MyNotificationListener"
93-->src\main\AndroidManifest.xml:53:18-82
94            android:exported="false"
94-->src\main\AndroidManifest.xml:55:13-37
95            android:permission="android.permission.BIND_NOTIFICATION_LISTENER_SERVICE" >
95-->src\main\AndroidManifest.xml:54:13-87
96            <intent-filter>
96-->src\main\AndroidManifest.xml:56:13-58:29
97                <action android:name="android.service.notification.NotificationListenerService" />
97-->src\main\AndroidManifest.xml:57:17-99
97-->src\main\AndroidManifest.xml:57:25-96
98            </intent-filter>
99        </service>
100
101        <activity
101-->[com.kakao.sdk:v2-auth:2.4.2] AndroidManifest.xml:12:9-16:56
102            android:name="com.kakao.sdk.auth.TalkAuthCodeActivity"
102-->[com.kakao.sdk:v2-auth:2.4.2] AndroidManifest.xml:13:13-67
103            android:exported="false"
103-->[com.kakao.sdk:v2-auth:2.4.2] AndroidManifest.xml:14:13-37
104            android:launchMode="singleTask"
104-->[com.kakao.sdk:v2-auth:2.4.2] AndroidManifest.xml:15:13-44
105            android:theme="@style/TransparentCompat" />
105-->[com.kakao.sdk:v2-auth:2.4.2] AndroidManifest.xml:16:13-53
106        <activity
106-->[gun0912.ted:tedpermission:2.2.3] AndroidManifest.xml:10:9-14:67
107            android:name="com.gun0912.tedpermission.TedPermissionActivity"
107-->[gun0912.ted:tedpermission:2.2.3] AndroidManifest.xml:11:13-75
108            android:configChanges="mcc|mnc|locale|keyboard|keyboardHidden|screenLayout|fontScale|uiMode|orientation|screenSize|layoutDirection"
108-->[gun0912.ted:tedpermission:2.2.3] AndroidManifest.xml:12:13-144
109            android:screenOrientation="unspecified"
109-->[gun0912.ted:tedpermission:2.2.3] AndroidManifest.xml:13:13-52
110            android:theme="@style/Theme.Transparent.Permission" />
110-->[gun0912.ted:tedpermission:2.2.3] AndroidManifest.xml:14:13-64
111
112        <service
112-->[androidx.room:room-runtime:2.3.0] AndroidManifest.xml:25:9-28:40
113            android:name="androidx.room.MultiInstanceInvalidationService"
113-->[androidx.room:room-runtime:2.3.0] AndroidManifest.xml:26:13-74
114            android:directBootAware="true"
114-->[androidx.room:room-runtime:2.3.0] AndroidManifest.xml:27:13-43
115            android:exported="false" />
115-->[androidx.room:room-runtime:2.3.0] AndroidManifest.xml:28:13-37
116
117        <provider
117-->[androidx.emoji2:emoji2:1.0.0] AndroidManifest.xml:26:9-34:20
118            android:name="androidx.startup.InitializationProvider"
118-->[androidx.emoji2:emoji2:1.0.0] AndroidManifest.xml:27:13-67
119            android:authorities="com.chat_soon_e.re_chat.androidx-startup"
119-->[androidx.emoji2:emoji2:1.0.0] AndroidManifest.xml:28:13-68
120            android:exported="false" >
120-->[androidx.emoji2:emoji2:1.0.0] AndroidManifest.xml:29:13-37
121            <meta-data
121-->[androidx.emoji2:emoji2:1.0.0] AndroidManifest.xml:31:13-33:52
122                android:name="androidx.emoji2.text.EmojiCompatInitializer"
122-->[androidx.emoji2:emoji2:1.0.0] AndroidManifest.xml:32:17-75
123                android:value="androidx.startup" />
123-->[androidx.emoji2:emoji2:1.0.0] AndroidManifest.xml:33:17-49
124            <meta-data
124-->[androidx.lifecycle:lifecycle-process:2.4.0] AndroidManifest.xml:31:13-33:52
125                android:name="androidx.lifecycle.ProcessLifecycleInitializer"
125-->[androidx.lifecycle:lifecycle-process:2.4.0] AndroidManifest.xml:32:17-78
126                android:value="androidx.startup" />
126-->[androidx.lifecycle:lifecycle-process:2.4.0] AndroidManifest.xml:33:17-49
127        </provider>
128    </application>
129
130</manifest>